7.4712192875770755e+31
5.03667849529538e+31
5.850583994632288e+31
1.0481285039948518e+27
1.1177665490687832e+26
9.797970927698014e+25
7.731205589345256e+31
1.4200942553062573e+30
4.1262303688769005e+26
7.21556076329506e+31
5.5005421464756815e+31
1.9808944199761546e+28
1.1918109207821901e+26
4.444651439124863e+25
5.698580321150281e+30
8.456615964254197e+25
6.327132614613714e+26
5.815853088296412e+23
5655769769367789.0
5648811301811394.0
1.7839925617980956
1.3828981852722169
1.1207533320617675
0.9604005210113525
0.8644633239746093
0.7858752914810181
0.726658505897522
0.6696218914413452
0.6260817367172241
0.5944551580810546
0.5691090269088745
0.539285241355896
0.5228733971786499
0.5108441442871093
0.48871932804107665
0.47596483488082886
0.4589135291862488
0.44859269426345827
0.43576578664779664
0.42032610301971435
0.41089472001075744
0.40277071489334104
0.39483377178192136
0.38502747354507444
0.37533842920303345
0.36512572292327883
0.3603905849456787
0.3542517718219757
0.3478792621040344
0.3381004024791718
0.3437729534626007
0.3368918556022644
0.33387903663635254
0.32756770278930664
0.32065321583747863
0.32342247267723084
0.31134316860198974
0.30721563685417175
0.3158628461933136
0.30255032444000246
0.30038736050605774
0.304870412569046
0.29633031682014466
0.2918973714351654
0.29857324757575987
0.2946573732280731
0.28834358655929565
0.28813704349040986
0.2878136665344238
0.2828061449146271
0.27861950615882874
0.2797917882823944
0.2791073864173889
0.27371445837020875
0.2739455825996399
0.27513788296699526
0.26986409011840823
0.27030707231521606
0.2683911860179901
0.2675337278747559
0.2652776157093048
0.26039085070610046
0.2672351820087433
0.2612201015949249
0.26131736035346986
0.25746584198474887
0.2550832165813446
0.2570387711429596
0.25535412509918215
0.2563113006210327
0.25038141404628755
0.25666492032051086
0.25267333268165587
0.25296379024505616
0.24308134870529174
0.2546445621395111
0.2504798365211487
0.24469615335941314
0.24488453991889952
0.24512853927612305
0.24321069939613343
0.24440683527946472
0.24087234775543212
0.2380251874256134
0.24036431958198548
0.24381743143081666
0.24385702425003053
0.2424284509420395
0.23756957906723022
0.24231738354682922
0.24395901375293733
0.2392561832857132
0.23814275309562682
0.2344632791900635
0.23806346600055694
0.2382920680332184
0.23517650153160094
0.23508178089141846
0.2338374111175537
0.23674936215877532
0.13306703419208527
0.09700445320606231
0.08307115410804748
0.07200641193389892
0.06589370908737183
0.059676513833999634
0.0579509476852417
0.05115997233390808
0.049128748531341554
0.04452608529090881
0.041499878697395326
0.040695693306922916
0.03833226722717285
0.03407767868041992
0.033830638628005984
0.02990790422439575
0.029184065887928008
0.028227768507003783
0.02641908372402191
0.026352136178016662
0.024367664017677308
0.025754122228622438
0.022644324526786806
0.02155696431159973
0.02193913133621216
0.021665685544013977
0.019595790147781372
0.019186169147491456
0.018423263425827025
0.019137225646972657
0.018975900802612303
0.018500841307640077
0.018639439458847044
0.01680286273956299
0.016915843455791474
0.017185945034027098
0.017038280363082886
0.018038970761299133
0.016970010814666748
0.0167897912979126
0.017221437706947326
0.0160000576877594
0.014976661539077759
0.015623112382888793
0.015515529074668884
0.016425418462753295
0.015490228128433228
0.016471166157722473
0.015743939580917358
0.015823887152671814
0.011723508396148682
0.010365939612388611
0.008962909126281738
0.008452414937019348
0.00798123559474945
0.0077991322374343875
0.006901582894325256
0.006676723957061767
0.007133790140151978
0.006353519024848938
0.006317138466835022
0.006800891780853272
0.006048994026184082
0.00614445161819458
0.005852043924331665
0.005645222411155701
0.005953494100570679
0.005374286856651306
0.005652189254760742
0.005451714468002319
0.005539321870803833
0.005368965191841125
0.005448736691474915
0.005506038007736206
0.005410391011238098
0.005291778774261475
0.005101682767868042
0.0045071216869354246
0.005214304709434509
0.005145873293876648
0.004758161058425903
0.004994652571678162
0.004930324802398682
0.004791474423408508
0.004399462351799012
0.004709479393959045
0.004490055046081543
0.0046035138607025145
0.0048760121154785155
0.004262450046539306
0.004628408331871033
0.004437452616691589
0.004550813708305359
0.0045878626489639284
0.004187245216369629
0.004565961742401123
0.004425443415641784
0.004161539964675903
0.004350966725349426
0.00402683557510376
