4.378176557922363
4.002978298339844
3.7921464764404296
3.6648149221801756
3.553260407714844
3.454986156616211
3.359665277404785
3.2916681936645507
3.2268337356567383
3.16288301574707
3.1223594583129883
3.0727766778564454
3.0331069073486328
2.9962296646118163
2.9599138180541993
2.952621999206543
2.9108097845458984
2.890256571350098
2.872623082885742
2.838543117980957
2.8252357539367674
2.800069528198242
2.782818768310547
2.7693300885009764
2.761881735534668
2.732727587890625
2.730512454223633
2.728027099914551
2.7063872845458983
2.694154419555664
2.675903434753418
2.671556751098633
2.6472109761047364
2.6622706085205077
2.632323908996582
2.6295579493713377
2.6201857095336916
2.6283480667114256
2.613108654937744
2.6100066206359864
2.587420546722412
2.591698891143799
2.5725401948547364
2.571130131072998
2.557577787475586
2.565187808227539
2.546966477203369
2.545832203826904
2.5549037660217286
2.5359724740600584
2.531719113006592
2.5156437882995606
2.498506657714844
2.5143064807128908
2.513343803100586
2.5014707635498046
2.4852175717163085
2.486168434906006
2.488846436920166
2.47910256149292
2.4631882444763185
2.4590770429992674
2.4491230728149413
2.442134041442871
2.450231776275635
2.4447721578979493
2.4441539190673827
2.4413374391174316
2.425936697845459
2.43054978805542
2.4225926429748537
2.4193787185668945
2.409792835083008
2.414244873046875
2.4201742858886717
2.4046859425354006
2.4128584405517577
2.398898801879883
2.3952456622314453
2.3937166203308107
2.390177727813721
2.4001344105529787
2.403977990112305
2.383211859893799
2.384754497528076
2.3669721437072755
2.3836469953918455
2.3716747592163085
2.3610775459289552
2.3658855801391603
2.361512093658447
2.352400741119385
2.3613300184631347
2.367401162109375
2.3860495790100096
2.3488605868530272
2.3629283218383788
2.350399819030762
2.3619243116760256
2.3305418714904786
2.1149864772033693
2.0293226704406737
1.981691944580078
1.9587599855041504
1.9201487928771972
1.9080874290466308
1.8899576106262208
1.8738400982666015
1.8551719917297362
1.8415928591918946
1.8386585415649415
1.8188088453674316
1.8160034271240235
1.7948780464172363
1.7944115422058105
1.776417749633789
1.7631548333740235
1.768045344543457
1.7508629973602294
1.7523364245605468
1.7368495063018798
1.7244977812194824
1.7114022927856445
1.7139189131164552
1.7038928750610352
1.6987143643188476
1.6925371672821046
1.6885394508361817
1.6802191571044922
1.6731776374816894
1.669549963531494
1.670241236114502
1.6614233653259278
1.6593190814208985
1.636147971572876
1.642603522491455
1.6317374577331543
1.630500123977661
1.6340805123901367
1.6238585681915283
1.6136047894287109
1.6159003157043457
1.6003517545318604
1.5993178456115722
1.5902099813842774
1.5827230255889893
1.5750556407928467
1.5693188747406006
1.5753745452880858
1.5649724906921387
1.5528640521240233
1.5384450468444824
1.5307231254577636
1.5430643222808837
1.544773352355957
1.5266098594284057
1.5248907579040527
1.5256125396728515
1.5449616941833495
1.5281667135620116
1.5172103971862794
1.5366427325439453
1.5282915673065185
1.512137367324829
1.5245413068389893
1.5203975015258788
1.5086788217926026
1.5230498575592042
1.5219382843017577
1.523309739379883
1.5139970575714112
1.5110196797180175
1.521291862335205
1.5023202025604248
1.508242431640625
1.5266144771575927
1.515308091506958
1.5185475571441651
1.5122612336730956
1.505338678970337
1.497049691467285
1.5055765547180175
1.5043377325439453
1.5041508980560303
1.5072908193206787
1.4948020068359376
1.5033516745758058
1.4948979574203491
1.5037975743865968
1.5025654232788086
1.5027493646240235
1.500241873703003
1.4932170692443847
1.5058892247772218
1.4968559010314941
1.5041312602233887
1.5072931591796874
1.5065222500610351
1.4971029191589356
1.4848514924621583
