4.0919683923339845
3.4917190963745117
3.0810177822875975
2.774146741027832
2.5255303240966795
2.3531384030151368
2.2129897058105468
2.084058892211914
1.9897158750915527
1.9087893260192872
1.845328491821289
1.7948881741333007
1.7457751722717285
1.6981117288208007
1.6440827352905274
1.5795340286254882
1.5338594133758545
1.4965409412384034
1.451559917831421
1.410235075454712
1.361400795135498
1.3106544856262208
1.2706389783477783
1.241663161239624
1.2127600963592529
1.1876650868988037
1.1629043021392822
1.1516148456573487
1.12537110786438
1.1163669354248047
1.0922870072555542
1.0714455297851562
1.0542606173706055
1.052914923171997
1.0307501953125
1.0186720512390137
1.0132382204818726
1.0082582178497315
0.9907792985534668
0.9763736000061035
0.9736734785079956
0.9622740264129639
0.9579504256820679
0.9488148788452149
0.9383647575378418
0.9329143392181396
0.9223867088317871
0.9121146058654785
0.9173734134292603
0.8999885824584961
0.8913439414215087
0.8918013743591309
0.8905674249267578
0.8881507188796997
0.8733006242370606
0.8778492938232422
0.8729739775466919
0.8577325118637085
0.8481489291381836
0.851128113822937
0.8447555597305297
0.838582624206543
0.8445643893051148
0.8371823610687256
0.8310628777694702
0.8245813106155395
0.8254990802383423
0.8236302867889405
0.8226210312271118
0.8213980410385132
0.8119571178817749
0.8056816883468628
0.8167235478591919
0.8036707383728028
0.7852413684082031
0.8050092295455933
0.7891638084030151
0.7951722182846069
0.791834384727478
0.7929400319290161
0.7769522301101685
0.7812131462860108
0.7803077527999878
0.7774487913513184
0.7794472174835205
0.7667987242889405
0.7770312507629394
0.7582645824432374
0.7661153110504151
0.7716682999038696
0.7612573529052734
0.7630359572601318
0.7541928466415405
0.7587106045150757
0.7543209533691406
0.7534402723693847
0.7491345653533935
0.7441149050140381
0.7464336873626709
0.7519395407485961
0.4319149498558044
0.32244160444259645
0.2813011613750458
0.252783588848114
0.23172754249572755
0.21573001050949098
0.2023230804634094
0.18546263031959534
0.17191241806983948
0.16338267078399657
0.15340640446662904
0.1471187797164917
0.13716427297592163
0.13153845321655275
0.12348343065261841
0.11970087707519532
0.11410636263847351
0.10657426186561585
0.10149620664596558
0.09983931834220887
0.09285569598197937
0.09201971220970154
0.08522208448410035
0.08237383631706238
0.08168254111289978
0.0772469679260254
0.07409196036338807
0.07447218324661255
0.0714946337223053
0.07002928689002991
0.06570339372634888
0.0634113749217987
0.06206056481361389
0.061674980640411374
0.061934954652786256
0.05992883571624756
0.058277482948303226
0.05657766955375671
0.054891299657821656
0.053601754846572876
0.05259810829162598
0.05220706467628479
0.05123488260269165
0.05100259613990784
0.05136562324523926
0.04943145058631897
0.04844544919967651
0.04787175316810608
0.04719036524772644
0.046555188722610476
0.038815599431991574
0.035428147811889646
0.03395415668487549
0.033037835140228275
0.031599444828033445
0.03127559138298035
0.030777411975860595
0.030978181924819947
0.029984795866012572
0.029782681589126586
0.030382566776275634
0.029831204071044923
0.029475192699432374
0.029148180837631224
0.02898788128852844
0.028388399505615235
0.02806025658607483
0.028175580253601073
0.02750776361465454
0.027834656658172606
0.02685884623527527
0.027399012880325316
0.027905947380065917
0.0264577330493927
0.0271538360786438
0.027272126426696776
0.026786860027313234
0.02655458023071289
0.026141065301895142
0.026433806505203248
0.02645097904205322
0.026302019929885866
0.025508837938308715
0.026501453819274903
0.026128265438079834
0.02611312343597412
0.02540302251815796
0.02520426118850708
0.0257507430267334
0.02519586971282959
0.02586171607017517
0.025818915147781372
0.026082390518188475
0.025430866355895997
0.02466508620262146
0.025109702396392822
0.02459347707748413
0.025160833015441895
0.024274188289642333
0.02474748688697815
