3.7109581213378906
2.85924765625
2.3744412956237793
2.076858020629883
1.8663461755371094
1.7147381616210937
1.5938278968811035
1.500555634918213
1.4170760888671876
1.3533943159484862
1.2987626019287108
1.2491978546905518
1.2093882897186279
1.1684632090759277
1.1495676152038574
1.1048633006286621
1.081501189956665
1.0544936637115478
1.0395065090560913
1.010473169631958
0.997068903312683
0.9678028309631348
0.9603565437316894
0.9448029361724853
0.9281236745452881
0.9195410607147216
0.9050054643630981
0.8930490035247802
0.8838462377166748
0.8731386288452149
0.8565663394546509
0.8533756188964844
0.8382734527587891
0.8336894990921021
0.8228943960952759
0.818750982131958
0.8069691046905517
0.8047092390441895
0.8018750081634521
0.7887240353393554
0.7856358391571044
0.781103579826355
0.7804919576263428
0.7648708171844483
0.7607318719482422
0.7627303826904297
0.7507026751708984
0.7530482872009278
0.7461155986785889
0.7361693783950806
0.7334968527984619
0.7237695412445069
0.7388242658615112
0.7323620679473877
0.7182185968780518
0.7255823777008057
0.7085388459014893
0.7115455442428589
0.709693747138977
0.7011596502304077
0.7015131207656861
0.697684419631958
0.6917044014358521
0.689105343170166
0.6916932000732422
0.6893210526275635
0.6918497383499146
0.6832683992385864
0.6854595640563965
0.6851634915542603
0.6758194552230835
0.6751110765457153
0.6717721514892578
0.6716648485183716
0.6611739657211304
0.6727180809020996
0.6644887479400635
0.6659603790283203
0.656031201133728
0.6597210440444946
0.6527328625679016
0.6568784446334839
0.654878180847168
0.6633495994949341
0.6508989408111572
0.6511970400238037
0.6500913056182861
0.6449784269332886
0.6454847349357605
0.6488024604034424
0.6412367096710205
0.64069946849823
0.6414905497169494
0.6379759010696411
0.6367610104751587
0.6401872140884399
0.6391549571609497
0.6286656149291993
0.6318100388717651
0.6370943442535401
0.32782242639541626
0.24444061875343323
0.21281533066749572
0.19134996006011962
0.17694063033103943
0.1632514368057251
0.15366334852218627
0.14308871356010436
0.13482130668640135
0.12830741765022277
0.12295903730392456
0.11645161755561828
0.11155114175796509
0.10871197259902954
0.10385460686683655
0.09997334776878357
0.09522664771080017
0.09200611702919007
0.09100309306144715
0.086544010887146
0.08493504776000976
0.08183682423591614
0.07735850743293762
0.0768551064491272
0.07617914561271667
0.07463817604064941
0.07131404805183411
0.06884235527992248
0.06829597996711731
0.06642574986457825
0.06460540137290954
0.06461902875900269
0.06369203893661499
0.06130617887496948
0.06087544496536255
0.06094907038688659
0.058845285320281986
0.05866047395706177
0.05754335599899292
0.05749622634887695
0.05732410510063171
0.05683067882537842
0.056175779619216916
0.05497979645729065
0.0542258643245697
0.05335842965126038
0.0530086953163147
0.05392832590103149
0.05223546549797058
0.054049838399887085
0.044242693309783934
0.039795791721343995
0.03879854202270508
0.03757453788757324
0.03658853042602539
0.0362478226184845
0.0354847101020813
0.035635315866470334
0.034977028732299804
0.034490997705459596
0.03473762337684631
0.03357436944007874
0.034390327892303466
0.0330825830745697
0.03348133039474487
0.0332562109375
0.033391070375442505
0.03273822685241699
0.03345060004234314
0.03271718594551087
0.032623057117462155
0.03209491490364075
0.03318785864830017
0.03266010070800781
0.03215129940032959
0.032424554119110105
0.031355848922729496
0.032353513832092284
0.03122753324508667
0.03171862478256226
0.03204835030555725
0.030829781847000123
0.03131995994567871
0.03155871256828308
0.03181925193786621
0.03108632272720337
0.030747721843719482
0.031601646223068235
0.030387338409423828
0.030592160205841063
0.03135091598510742
0.030378513069152832
0.030915978031158448
0.0311268039226532
0.030296420726776123
0.030908518381118775
0.030007660160064696
0.030627022514343263
0.030426951055526733
0.03020822943687439
