1.3697605017089844
0.918159365234375
0.729487286567688
0.6210341912078857
0.5529662223815918
0.5048581808471679
0.4687181084632874
0.43592520824432374
0.414813240814209
0.399340661277771
0.3795175675201416
0.36489646569252016
0.3535311815452576
0.3454977094078064
0.3294547480392456
0.3273384971904755
0.3157273525428772
0.30862458550453187
0.30011812847137453
0.29450066781044004
0.29073590401649474
0.28301079348564145
0.28037000849723814
0.27687490789413455
0.2723535778522491
0.26564276754379273
0.2634125269794464
0.2616410594367981
0.2553826221561432
0.25386016280174256
0.2568422842025757
0.24681181151390075
0.24390559935569764
0.24199404712677003
0.23971589406490326
0.24407000012874602
0.23934737461566924
0.2393685500907898
0.23802268444061278
0.23338783572673796
0.23203831357002258
0.2331440680551529
0.23051529046535493
0.22534200546741487
0.22649845997810364
0.2245706654405594
0.2309909480190277
0.22031342476844787
0.22324590277194978
0.21922613901138305
0.22202887279510497
0.22357018314361574
0.2180690704202652
0.21507489075660705
0.21670611316680907
0.21962121515274047
0.21443816595077514
0.21802522789001466
0.21440766249656676
0.21319974465847016
0.21252410473823546
0.21060105257987977
0.21130238532543183
0.21078472881793975
0.2092790414619446
0.20485091179847717
0.20645640372276305
0.2071893801498413
0.20510629342556
0.20870272822856903
0.20713830812454223
0.20546097962856294
0.2082208332824707
0.2047746664619446
0.20563922872066498
0.2095884399318695
0.20190666794776915
0.20514040726184846
0.20306750716209412
0.203175429315567
0.2009780726146698
0.20215351194381714
0.19866992473602296
0.20229206556797028
0.19537564122676848
0.20358633425712586
0.2031513605928421
0.19371638128757476
0.19619684791088104
0.19883511760234832
0.20504485743999482
0.20304008063793183
0.19924749925613403
0.19379011256694795
0.1979911890411377
0.19535834000587463
0.19914275562763215
0.19762077038288117
0.19871366048812866
0.1951996240711212
0.10184220457077027
0.07128956308841705
0.05842206066131592
0.049976328859329226
0.045766020383834836
0.041586395874023435
0.03999554111480713
0.035511619596481324
0.032185442728996275
0.03179057466983795
0.02843931869506836
0.02697861572742462
0.025944645619392394
0.024001506552696228
0.02239251257419586
0.021079512495994567
0.02084494355201721
0.018511870498657226
0.01885605536699295
0.01915295844078064
0.0183388729763031
0.017322614445686342
0.01691086169242859
0.015049755997657776
0.015655581855773926
0.0160459557056427
0.014535325531959534
0.01491220742225647
0.014100139665603638
0.013125816826820373
0.013064143686294556
0.012981430788040161
0.01313613265991211
0.013781670575141907
0.014164200487136841
0.011871039958000183
0.012865269417762757
0.014530883951187134
0.0120209907746315
0.011257835731506348
0.011679271054267883
0.011410622687339783
0.011023600454330445
0.01094741425037384
0.0117612273979187
0.01205367130279541
0.01100934275150299
0.01163099841117859
0.012090431551933288
0.011643198509216308
0.008461694340705872
0.008160255074501037
0.006783482756614685
0.006512194519042969
0.005984435553550721
0.006205459017753601
0.005909073891639709
0.005713818016052246
0.005512024083137512
0.0053322581338882446
0.0051641753435134885
0.005270472378730774
0.0053684070014953615
0.005349206161499024
0.005373557996749878
0.005238789644241333
0.005334260067939758
0.005029177968502044
0.005277086682319641
0.004516023445129394
0.004758623938560485
0.004947738351821899
0.004848384575843811
0.004913185052871704
0.004902851233482361
0.004313910460472107
0.004623830146789551
0.004789705867767334
0.005209714407920838
0.005162981715202332
0.004235676565170288
0.004258380951881409
0.004677110962867737
0.004584638042449951
0.004004704947471619
0.004482935662269592
0.004518246955871582
0.004472641100883484
0.004029472270011902
0.004203382344245911
0.0038471541786193847
0.004302023434638977
0.00409804012298584
0.003939612741470337
0.00390600839138031
0.004168886852264404
0.004040009760856628
0.003995801157951355
0.004164099898338318
0.004217981252670288
