1.8324153857421874
1.5932809530639649
1.461900814971924
1.3710179901123047
1.3047659094238282
1.2453614518737792
1.1940318334960938
1.156274469833374
1.1178365712738036
1.0911869239807128
1.0688029787445068
1.0498057977294921
1.0290190560150148
1.0111708186340331
0.9882893167114258
0.9806584457397461
0.9711682302093506
0.955321671295166
0.9466580358886719
0.9349240396118164
0.9240478184509278
0.9184782689666748
0.9059219871139527
0.9040040258789063
0.8982436446762085
0.8958838004302978
0.8821509061431885
0.8871933895874023
0.8735504438781738
0.8736023977661133
0.8755205746459961
0.8616272675323486
0.8574533381271362
0.8581268709182739
0.848465350036621
0.8511119882965088
0.8451597176361084
0.8438050583648682
0.8350419832992554
0.8372683284759521
0.8308793107223511
0.8288401176834106
0.8340528454589844
0.8240141718673706
0.8271814451599121
0.82028744140625
0.8182193664932251
0.8155027183914184
0.8172368088912964
0.8207603790283203
0.8160006760787963
0.8106296215820312
0.807140951385498
0.81195227268219
0.8071043545913696
0.8131990591430664
0.8028900052642822
0.8069866252136231
0.8055390404510498
0.8038167287826538
0.8052653966140747
0.8007885913467407
0.8030273619461059
0.7969026864242553
0.8038253455734253
0.7946072736740112
0.7946505686187744
0.7837927411651612
0.7903702910614013
0.7935251863098145
0.7942836617279053
0.7864201934051513
0.7892345428085327
0.7877145162582397
0.7887794721603394
0.7882690062713623
0.7843727493667603
0.7791715158843994
0.7806269540405274
0.7836130851364136
0.78047920753479
0.7836128118515014
0.7789998696136474
0.7784463142776489
0.7680759004211426
0.7718401198196411
0.7667040952682496
0.781893981590271
0.7735608004760742
0.7775775832366943
0.7737702575683594
0.771694303855896
0.7756628921508789
0.769035136642456
0.7731863626861573
0.760531937789917
0.7723241319656372
0.7706904602050781
0.7676584906387329
0.7604057485961914
0.6164144980239868
0.5835396825790405
0.5577556985092164
0.5523212270355224
0.5508093345260621
0.5421746096229553
0.5353323970413209
0.5264342289352417
0.530186374168396
0.5187707109642029
0.5264860050010681
0.5132240605545044
0.5219322757148742
0.512850859375
0.5179469277954102
0.506682645816803
0.5038875916290283
0.5044435630989075
0.5035645737838745
0.5029841081619263
0.5074474880218506
0.4996772201728821
0.4958082838058472
0.4897888813972473
0.4960271864509583
0.4963893119049072
0.4980694742774963
0.49683739166259766
0.4965568450927734
0.4900844682502747
0.48766538009643556
0.48988911750793457
0.4918237273979187
0.48899192293167115
0.4848998293876648
0.49173933446884155
0.4864163698196411
0.49011895782470705
0.48298556243896484
0.48408033538818357
0.48086729305267334
0.4833102925682068
0.4840172425842285
0.48037446449279786
0.4843597339439392
0.48028087997436525
0.4859707538223267
0.4768811659431458
0.4796664761352539
0.4803377665138245
0.4396656296157837
0.42451622648239135
0.42647650060653686
0.41812223121643066
0.4165414661979675
0.4149831674003601
0.40710748044967654
0.40961722942352297
0.4104476973152161
0.41008050470352175
0.4072341185760498
0.39884543588638305
0.40403838130950925
0.40074942527770996
0.39984191450119017
0.40135748262405396
0.40385858624458315
0.3994775680160522
0.3999085099601746
0.40152607278823854
0.40035967794418337
0.40044371244430543
0.39855480587005615
0.4001044276428223
0.39750876457214357
0.3906489309692383
0.39417572944641116
0.3979141849899292
0.3905875542259216
0.39012938751220705
0.38936620916366577
0.3927763277244568
0.39385105857849123
0.38889715896606447
0.3965896851158142
0.38831024868011477
0.388077946472168
0.3910518120765686
0.3906398049354553
0.3864462440109253
0.39175411417007444
0.38861938009262087
0.386651439743042
0.3855382635498047
0.38984819780349733
0.38903252674102784
0.38581275239944457
0.3845480778503418
0.38371603364944457
0.38119584197998047
1.8408841706848145
1.5972006111145018
1.4504220068359375
1.3484069282531739
1.2657980587005615
1.204330520172119
1.1501306493377685
1.115425633544922
1.0799475340270996
1.0612946040344238
1.0314870728302001
1.0165180841827393
0.9938451668548584
0.9878836138153076
0.9654841621398926
0.9539838179016114
0.9442281995391846
0.9427029711914062
0.9255528279113769
0.9178244365692139
0.9134960879135132
0.905028348236084
0.8999140147399902
0.8847571374511719
0.8856210772705078
0.8762351661682128
0.8706033205413818
0.8706733195495605
0.868371584892273
0.860538484802246
0.8558754850769043
0.8490937776184082
0.8459350986480713
0.8434351492309571
0.8368262157440186
0.8410035322952271
0.8294878061676025
0.8347956093215942
0.8304113454818726
0.8271512977981568
0.8197164460372924
0.8291807437133789
0.821734040222168
0.8118355244064331
0.8165110083389282
0.8027532765960693
0.8065292032623291
0.8068890091705322
0.8039555058670044
0.8128548372650146
0.8025679911804199
0.7962295807647705
0.7997112351226807
0.7951081359100342
0.7917601444625855
0.7917161047363281
0.7942140631866456
0.8024488754653931
0.7853568899154663
0.7853408525085449
0.7882115231704712
0.7795483958816528
0.7918310502624512
0.7862664725112916
0.7846306533813476
0.7785833057785034
0.7772995704650879
0.7820751028823852
0.774115040435791
0.779563317565918
0.7795623242950439
0.7755160079574585
0.7738345040512085
0.7681612509918213
0.7726252891540527
0.7742564325332641
0.7765022366714478
0.7717944041442871
0.7718327956390381
0.7689209565353393
0.7725272234344482
0.7638211516189575
0.761931953010559
0.7701080862045289
0.7632060192871094
0.7611191422653198
0.7636960124588013
0.7605138174057007
0.7552505582046509
0.7607179599761963
0.7617593417739869
0.755618222732544
0.7612781643676758
0.7480485444641113
0.7518718201828003
0.7571715859603881
0.7594046862030029
0.7552696231842041
0.7540309425735474
0.7581360745239257
0.6081990760421753
0.5695502337646484
0.5507200252914428
0.541884162979126
0.5354380341339111
0.5239171129989624
0.5164167231369019
0.5194698030090332
0.5143555844879151
0.5106930854797364
0.5066234177970886
0.5049517017555237
0.5094593065834045
0.5033450318336486
0.4953357026290894
0.49180337825775144
0.49343343214035035
0.4914768430709839
0.49412009077072144
0.4864250077629089
0.4874487167167664
0.4847935759544373
0.48328931818008425
0.47631020355224607
0.4798707956504822
0.48837491762161256
0.48076107011795044
0.47900945430755615
0.47747788610458375
0.4750691279792786
0.47895378412246703
0.4757544701194763
0.47494494842529295
0.47724353429794314
0.4790661060333252
0.4726352638053894
0.4698027460479736
0.47498457731246946
0.47437067192077637
0.4715898629570007
0.4738836367416382
0.47367561906814576
0.46854724939346315
0.47015760297775266
0.47428885614395144
0.4682375315475464
0.4765259175491333
0.4775338219833374
0.4723140064430237
0.4734906889915466
0.43360638505935667
0.41759222185134887
0.4147221738624573
0.40601992590904235
0.4023333372879028
0.4073755834197998
0.3985704609870911
0.40030738302230834
0.3974878652381897
0.3981827456665039
0.40249853366851807
0.3907018201828003
0.38977926080703734
0.39148933547973636
0.3897718180847168
0.38367342390060427
0.39229050989151
0.386288410987854
0.3843141516494751
0.3899950750541687
0.3864628746795654
0.389485318851471
0.38323979782104495
0.38515486331939697
0.3890256310462952
0.38594322408676146
0.38940302545547484
0.3862944481277466
0.3849951403999329
0.3850197434616089
0.38455655855178833
0.3886653015899658
0.37888977825164794
0.3794509836578369
0.3793231230735779
0.3809304366493225
0.38340364936828614
0.3776333465194702
0.3788063763809204
0.37681377054214477
0.3773673899936676
0.375283000087738
0.3788083671760559
0.37927996448516843
0.37422155242919924
0.3759045115661621
0.37680465127944945
0.37492046478271485
0.3779116938972473
0.3680854006767273
