4.051778082580566
3.779946423034668
3.6295596078491212
3.4518902841186523
3.2929571997070313
3.175250694274902
3.0575092291259764
2.9808656628417967
2.904981936340332
2.835281696472168
2.7855232150268554
2.735227862548828
2.7043680435180666
2.656361633605957
2.6226756942749025
2.581990124206543
2.5644439170837403
2.5379617449951173
2.5224903631591795
2.4957479402160643
2.47335250579834
2.455951484527588
2.4449911054992675
2.43040653717041
2.4159932566833495
2.3960752239990235
2.385334104156494
2.378532581329346
2.364712783355713
2.355652441558838
2.3451311445617677
2.3292985494995118
2.329677041320801
2.3138941015625
2.302250757446289
2.2856408192443847
2.281218870239258
2.282963893890381
2.267926638031006
2.2654095585632326
2.2464855630493163
2.247171149597168
2.246786851654053
2.2251036740112307
2.224605858001709
2.215176630859375
2.2044808140563963
2.199552643585205
2.191325500946045
2.1788632943725585
2.1778291259765625
2.1748396032714843
2.1729742927551268
2.1615579475402833
2.1647778854370117
2.158085104217529
2.1414213925170897
2.14642273727417
2.1328200885009765
2.1423517361450197
2.127877892303467
2.1330956358337403
2.115422823638916
2.1166006314086916
2.1090093367004394
2.103489772186279
2.1034567749023436
2.099932899475098
2.0918403257751463
2.093403818511963
2.0902205708312986
2.085292109069824
2.0857548046875
2.074937465209961
2.076180278778076
2.082639259185791
2.0730105712890623
2.059037913818359
2.061448636932373
2.0672088299560545
2.062568396606445
2.048152520446777
2.0574639569091797
2.057496382598877
2.043825580444336
2.0440328855895995
2.051232894744873
2.043784813842773
2.03599129699707
2.032863384246826
2.037499005126953
2.0235165744018553
2.029368829345703
2.0325328662109374
2.013298380584717
2.019803438873291
2.028667104187012
2.0158317948913576
2.028541947174072
2.017227993774414
1.7147393264770507
1.634628381652832
1.6053059732055663
1.5798721241760254
1.5729442161560059
1.5596127408599854
1.5526423234558107
1.5332489568328858
1.5326738593292237
1.5305855130767823
1.5161831413269042
1.5200995469665528
1.5071588888549805
1.5037587718200685
1.5004971719360352
1.4921724729156494
1.488577692260742
1.4854131092834473
1.4794068592834473
1.4872087672424317
1.4856436775970459
1.4645224487304687
1.476939200592041
1.4690163358306885
1.4627845378875732
1.4624349946594237
1.4608472723388672
1.4621980405426025
1.4614986818695068
1.4462462590026854
1.456331420211792
1.4550589786529542
1.451890099029541
1.4508461619567872
1.4437775205993653
1.441086558303833
1.445573609237671
1.450850354385376
1.4446416677093505
1.4535579707336426
1.4390603370666504
1.4298604273223876
1.4482916299438477
1.4391383193206788
1.4437366062927246
1.4276609469604493
1.4418797407531738
1.4260336752319336
1.4400124089050292
1.4403217391204834
1.3357108139038085
1.3130062745666504
1.3095337870788575
1.2939041815185548
1.289926872329712
1.283493255844116
1.2729826513671876
1.2835962036895752
1.2795824088287353
1.2770443684387207
1.2742932039642334
1.2693547212982177
1.2743468302154541
1.2700670698547363
1.277047851333618
1.2657789979553222
1.2706054400634765
1.2674366207122802
1.2579217929840087
1.255440699005127
1.260497082824707
1.2616646552276611
1.264233372039795
1.2481445142364502
1.259320227432251
1.2591238564300538
1.2562191794586182
1.2546074543762207
1.2517479335021973
1.2539116233825685
1.2502833697509765
1.25025834274292
1.2462196271514892
1.2395903491210938
1.2528564833068847
1.2404824404907226
1.2379818994140626
1.2418963645172119
1.229748364944458
1.2397568299102784
1.2423621214294434
1.2426590683746337
1.2395734564208984
1.226023572845459
1.2312791178131104
1.2309168295288087
1.2247764895629882
1.2304733656311035
1.2236529692077636
1.2228201953125
