nan
nan
nan
nan
nan
1.9394816331481934
1.6953340911865233
1.5880511917114257
1.5023035450744628
1.423153077697754
1.361165227432251
1.3182816048431396
1.280253565826416
1.244668695678711
1.2198035198974608
1.1940402074432372
1.1751869305419922
1.1478433490753175
1.1370268769073486
1.1175615672302246
1.0988363413238524
1.0917794760131836
1.0879517084503174
1.0692932223510743
1.0547045961761474
1.0388075749206542
1.0320825178527833
1.0220771506500244
1.0053263732147217
1.0016554879760742
0.9908179574584961
0.9947127709960938
0.9856432895660401
0.9700892830657959
0.9654838791656494
0.9634407675933838
0.9503966216278076
0.9577810828399658
0.9459719491577149
0.943610376586914
0.9401713426208496
0.9259089846801758
0.9202998148345948
0.9208587718200684
0.9147446499633789
0.9062625709915161
0.9027574507141113
0.9010838779449463
0.8941827947235107
0.8941688328552246
0.8897094442367554
0.8845591805267334
0.8774766125488281
0.8812528059387207
0.8678358029556275
0.8656599600601196
0.8661628221511841
0.8602783281326294
0.8530433438110352
0.8483392313766479
0.8508947023391724
0.8447571599578857
0.8461318600082397
0.8349041991043091
0.8359679573059082
0.8287743503570557
0.8322727645492554
0.824046181526184
0.8269634785079956
0.8293873580551148
0.8248990348434448
0.8036951708602905
0.8113407400131225
0.8128946836471558
0.7989546252632141
0.8107493214797974
0.8077733319091797
0.8130779008102417
0.8005877591323852
0.7928508670425415
0.8033092029190063
0.7924473303222657
0.7918369632720947
0.7970629649734498
0.7832824255752564
0.7773327515792847
0.7820480107879638
0.787580566444397
0.7854028686523438
0.7712840819168091
0.7758726354598999
0.7759738809967041
0.7732192903137207
0.7654165295410156
0.7478375020980835
0.7562016815567016
0.7655936568069458
0.7561532923126221
0.7591561330032348
0.7604212390899658
0.7571987565612793
0.7451938721084594
0.7569497639083862
0.7425186701583862
0.7511080407333374
0.6371250776672364
0.6012288137435913
0.5867967127418519
0.5839306151580811
0.5675160902404786
0.5623622150802612
0.5594564390754699
0.5503048765563965
0.5518879223632812
0.5420790081977844
0.5378387837982178
0.5391948553085327
0.5368579655647278
0.5327644443893432
0.5319941897392273
0.5295105980682373
0.5201818475532531
0.5179841061019897
0.5167445694732666
0.5166992567443848
0.5114869119644165
0.5111727755928039
0.5044488389778137
0.5050851785850525
0.5022668035125732
0.5010878781318665
0.5016210342788696
0.4902096900939941
0.49368239540100095
0.4946703625869751
0.49182417472839357
0.49225247884750367
0.4924453604125977
0.48799218334197997
0.476145915184021
0.4820172060394287
0.4818762371444702
0.48878985633850097
0.4781718509674072
0.4764849581336975
0.47090772371292117
0.4653862108039856
0.4767984041786194
0.47174678009033205
0.47367430349349976
0.4625913516426086
0.4659440732955933
0.466541137752533
0.46506342737197875
0.468715249004364
0.45553680450439454
0.45280682010650636
0.45476537466049194
0.4495095694541931
0.4495265673446655
0.4491619405555725
0.4494536096382141
0.452333870716095
0.4543830601501465
0.44977811685562136
0.4438718960571289
0.4452403213119507
0.4452012749862671
0.4534736621284485
0.4514774440193176
0.452475086479187
0.44909188091278074
0.44802460105895997
0.44778520335197447
0.4450593646621704
0.44597526372909546
0.44272000606536865
0.4498486123847961
0.44861405868530274
0.4395260126113892
0.4419344485473633
0.4427316436195374
0.44922165609359743
0.4478581032180786
0.4441027460718155
0.44596511194229127
0.4403682788276672
0.4462678979110718
0.43684852642059324
0.43835926652908325
0.44051603160858155
0.44194601221084595
0.44536680284500124
0.4409907076263428
0.4386924348640442
0.4370772404670715
0.43874722290039064
0.435016745223999
0.44139245029449464
0.44280890226364134
0.43389956851959227
0.4416508431243896
0.4379012857818603
0.4409328898048401
0.4361305386161804
