3.6526310510253905
2.596825196838379
2.1140034982299807
1.8330237254333497
1.626243402709961
1.4933071059417724
1.368142964706421
1.2761609475708007
1.1993424176025391
1.1272917447662354
1.0752890767669678
1.0261042832183838
0.9802673884582519
0.9423675818634033
0.9027404083251953
0.8716130744552613
0.8336095008850097
0.802340658493042
0.7782987028503418
0.7535549334335327
0.7288728572082519
0.7082059322738647
0.6817845008087158
0.6662208374404908
0.6490626832580566
0.621159077720642
0.6260020999908448
0.6028767108154297
0.5859256188583374
0.5642707130050659
0.5559861269950866
0.5400354697036743
0.5360826679229737
0.5343814489555359
0.5206667498397827
0.49105823776245117
0.500437795124054
0.49107463388442996
0.4710697161102295
0.4767436679649353
0.46692229988098144
0.4688158821296692
0.44998494176864623
0.4448024698638916
0.42510478872299196
0.4309124385261536
0.4352331608772278
0.43315472789764403
0.4134489941978455
0.4161042647361755
0.40341826221466065
0.3979994083213806
0.39632014417648315
0.3903035520553589
0.40009789831161496
0.39991477518081664
0.40127732109069825
0.39248625957489014
0.3888597856903076
0.3793698408508301
0.3866365107154846
0.36326989110946656
0.37259414131164553
0.3676082771015167
0.3732100201034546
0.33728349452018735
0.3608753981781006
0.35569457612991334
0.36363237432479856
0.3611675936317444
0.33452774713516237
0.3495500009441376
0.3407638952922821
0.349275464963913
0.33987619104385375
0.3304645536136627
0.3334649550819397
0.34504770164489745
0.3495298673534393
0.3271889356994629
0.3380535602760315
0.338508552532196
0.32991854915618896
0.33743618228912353
0.32701032876968383
0.3303079034900665
0.32382831833839415
0.3176427861690521
0.31658524203300475
0.3253921009922028
0.33020208557128905
0.3245181890583038
0.3139123423099518
0.31556816407203675
0.3254826862716675
0.32285429322242737
0.31889680683135985
0.31312349033355713
0.3051042211151123
0.3249474235439301
0.13831696780204772
0.07416225529670716
0.05657193219184876
0.04808173518180847
0.0417451061630249
0.03876642374992371
0.03569509063720703
0.03200527871131897
0.030490061101913452
0.029917106351852418
0.02861945520401001
0.027401492538452147
0.02699912030220032
0.026035509090423584
0.025406357355117797
0.024668932847976683
0.02423751763343811
0.023583194913864135
0.022957152795791625
0.023540150928497313
0.02269124704360962
0.022752933406829833
0.021973007249832154
0.02244665241241455
0.021570907154083253
0.020977980594635008
0.020707984714508056
0.0209335396194458
0.020894704208374023
0.02070196098327637
0.020785941562652586
0.020515214929580687
0.02083898482322693
0.02032301025390625
0.020622648706436156
0.020604826927185058
0.020402519216537476
0.01953387294769287
0.020273707399368287
0.02002759831428528
0.019451797637939455
0.020068470525741577
0.019657517681121825
0.019450964097976683
0.01971036385536194
0.019529269008636475
0.019556442441940308
0.019465645666122435
0.019121302165985107
0.019042746782302857
0.01778743438720703
0.017849916591644286
0.01775934147834778
0.017609469776153564
0.017536219081878662
0.017399460678100585
0.017755619983673095
0.017299444303512573
0.017286088724136353
0.017324267044067383
0.01747728816986084
0.017100095834732057
0.017232981023788452
0.017070779056549072
0.017147527074813842
0.017126707725524902
0.01696548854827881
0.0170468932056427
0.016868397302627562
0.017307515048980714
0.01701012824058533
0.016861214942932128
0.01676359492301941
0.017103590412139894
0.01692002613067627
0.016865000858306885
0.016557376146316527
0.016629516582489012
0.016731473054885863
0.016996067934036255
0.016595583505630493
0.016448605861663818
0.016744632472991943
0.016769493732452394
0.016846367044448852
0.01657943500518799
0.016539924058914184
0.01652158284187317
0.016618089685440065
0.016320383625030518
0.016841894226074218
0.01707397123336792
0.016732148141860963
0.016558622217178343
0.016088050565719606
0.01626460201263428
0.0163658597278595
0.01631986231803894
0.016505482378005983
0.01652188600063324
