1.8280015942382812
1.191981480102539
0.9641982019042968
0.844946407585144
0.7600175345230102
0.7036342749786377
0.6515913032913208
0.6060614625930786
0.5579214440155029
0.5244164497566223
0.49846199075698855
0.47598667510986326
0.45891874588012693
0.44129033613204954
0.4272402905464172
0.4125207151031494
0.399450205783844
0.39251119930267336
0.3851012872314453
0.3774772808265686
0.36872733874320984
0.3560517332172394
0.3541119996547699
0.34540178827285767
0.3418661941719055
0.3399434941959381
0.33567329384803773
0.3252535842990875
0.32294229760169985
0.31789992001533507
0.3146212493991852
0.31274328718185423
0.312304734249115
0.3023840836143494
0.30651470253944396
0.2991346267414093
0.29018024393081665
0.2970556822013855
0.2947975232601166
0.2890423217010498
0.2847272188663483
0.28831921802520755
0.282809286441803
0.2824716506767273
0.27291627475261687
0.278887724609375
0.27654633966445924
0.26898546507835386
0.2800613299274445
0.2716615816307068
0.2654737233543396
0.2662833094882965
0.2656017366695404
0.2640538419818878
0.2618163514184952
0.2591639214515686
0.25490905951499937
0.26213370182037354
0.2596373914813995
0.2521546668052673
0.2572054217243195
0.25084341892242434
0.25724812901496885
0.25204192656517027
0.24808561287403108
0.2507009730243683
0.2486921897649765
0.2503609850692749
0.24905756964206696
0.24804785375118255
0.24480643768310548
0.24613586987495423
0.24915501523017883
0.24872482820510863
0.23960665481567384
0.2472699380683899
0.2423808297586441
0.23755162674427033
0.24114060902118684
0.24021021914482116
0.23787543179512025
0.23914197052001954
0.23717178460597993
0.23748422899246216
0.23840309102535248
0.2327595324897766
0.2360423077392578
0.2359968904209137
0.22970653945446015
0.2337529006385803
0.23293482943534852
0.23778458818912507
0.2350712584877014
0.22827734152793885
0.2309849765729904
0.22984047901153565
0.2345234807777405
0.23429444712638856
0.22796499797821046
0.22736296845912934
0.11258881854534149
0.07578808362960815
0.06191871075630188
0.053552515776157376
0.047701332721710205
0.0447160919713974
0.038461645884513854
0.036692919898033145
0.03125747510433197
0.030607446851730346
0.026183950252532957
0.025168584203720094
0.02404787967681885
0.022423455109596254
0.022676851966381074
0.01981987729549408
0.019525568990707398
0.018484869227409363
0.017469814863204956
0.017263215160369872
0.01710635376930237
0.015482195391654968
0.015055163040161133
0.013366130304336548
0.015011854367256165
0.013807047147750854
0.014322389121055603
0.012758908157348633
0.013042443819046021
0.012436143245697022
0.014046114974021912
0.012853509440422057
0.010932673659324646
0.011786430892944335
0.013685534167289733
0.011629393258094787
0.011362452759742736
0.011693680281639099
0.011478769617080688
0.01202752453804016
0.010856080865859985
0.011506844329833985
0.01135924741268158
0.01106115481376648
0.012263814930915832
0.01155174292087555
0.011769028916358948
0.011110477423667907
0.013179808044433593
0.012706059074401855
0.009814656901359558
0.007122263808250427
0.005603263034820557
0.005011425166130066
0.0050074333810806275
0.004704670934677124
0.004873549156188965
0.004171734585762024
0.0036909547519683836
0.004016937971115112
0.00353488046169281
0.003841661081314087
0.0034083186674118042
0.0035323539066314698
0.003017303352355957
0.00322055730342865
0.003097342720031738
0.0031698359537124634
0.0029824560213088987
0.0030138015127182008
0.0029373023462295534
0.002777244806289673
0.002651977777481079
0.0028678819131851196
0.0027549069213867188
0.0024472518730163572
0.0026490908002853395
0.002577310047149658
0.003175552911758423
0.0028468586301803587
0.0024089043140411376
0.002719884123802185
0.002645460228919983
0.002656276912689209
0.0023259877490997313
0.0025594429636001587
0.002258176612854004
0.0019765111446380613
0.0019923912715911866
0.00230380145072937
0.0026004107475280764
0.0022497209453582762
0.0020935216426849366
0.0022966152381896972
0.0020817477321624757
0.001813016700744629
0.0018984626626968384
0.0020693738746643065
0.0019166490459442138
0.0020190862131118773
