1.4834793537902833
0.8915103151702881
0.6874851727294922
0.5833252406692505
0.5143839643669128
0.47142632196426393
0.4379432286071777
0.4085801838874817
0.38196912380218506
0.36846813508987425
0.35648453849792483
0.3392830609512329
0.33064432414054873
0.3191464412212372
0.30636492513656616
0.3009050508880615
0.3009503527641296
0.284020320854187
0.2783281085300446
0.2735262389755249
0.2722064333629608
0.26092394772529603
0.2652944470691681
0.25399245233535767
0.24654011157989503
0.2526385500526428
0.24149251977920533
0.23768617164611816
0.23202018955230713
0.2282262277650833
0.2316953532409668
0.2251247636079788
0.22489907183170318
0.22531048135757445
0.22094197258472442
0.21779827663898468
0.2104427065181732
0.2110468482542038
0.2103715175819397
0.21232559593200684
0.2061783568906784
0.20789950600624085
0.2017023891210556
0.20314184813976288
0.2039610036945343
0.20098785951137543
0.19642356236457825
0.19739345502853395
0.19697654669761658
0.19805683287143708
0.19015907219409942
0.18862356997966767
0.18666526644706727
0.19037823491096498
0.18384396970272066
0.18373293697357176
0.1842218687582016
0.1806934757232666
0.18340285125732422
0.18037443814277648
0.18025614228248596
0.17992376130580903
0.17778121116161347
0.17725073687553405
0.18281973659038545
0.17530029906272887
0.17390444588184356
0.17130239855289459
0.1752125775909424
0.1768162631034851
0.16949442630290984
0.17114619323730468
0.16986608092784883
0.17107507025718688
0.16998419149398802
0.1779767308473587
0.1655638661146164
0.1637994837808609
0.1704762812757492
0.16453820806980132
0.1628386714220047
0.16566908423423768
0.16481107655525207
0.16529358662605287
0.16390267041683196
0.16873647331237793
0.15775629938602448
0.16916111371040343
0.16616797141551973
0.16259229199409486
0.16295612464904785
0.1609167200279236
0.16314856768608094
0.16079791566848756
0.1550365490102768
0.16241555487632753
0.16367534661769867
0.1682051613330841
0.15043436652183534
0.15807245465278624
0.07260348265647888
0.046913364815711976
0.03853683198451996
0.03188982806205749
0.02880963680744171
0.024418414089679718
0.02307508370399475
0.02063286385536194
0.01891910321712494
0.018681194992065428
0.01635306230545044
0.01570649431705475
0.014543546180725097
0.013777339544296264
0.013959010710716247
0.012212574172019958
0.011952906184196472
0.011126605467796325
0.01038550811767578
0.010122928075790405
0.0105346160697937
0.009411586647033692
0.008931503901481628
0.008354209275245666
0.008603159947395324
0.0085991801404953
0.00863565375328064
0.008058488817214967
0.007815614504814147
0.007590387785434723
0.00801216284275055
0.006845967144966126
0.006890750455856323
0.006951805834770203
0.0069838714075088505
0.006555694522857666
0.0068248540830612185
0.006822553071975708
0.00626829936504364
0.0062795322942733765
0.005854534997940064
0.0056724771451950075
0.005624284348487854
0.005400123357772827
0.005237150449752807
0.005263460335731506
0.00534525634765625
0.005648763751983642
0.005736282305717468
0.005392463331222534
0.004729598145484924
0.00441551139831543
0.0043659627151489255
0.004059303474426269
0.004135047640800476
0.004166182146072388
0.004260094456672668
0.0040150691461563115
0.003877223057746887
0.00434849063873291
0.00410041841506958
0.003905575957298279
0.0039015092849731445
0.003763509373664856
0.003731802144050598
0.003746325445175171
0.0036789188289642334
0.0035319427299499513
0.003721322979927063
0.003640776138305664
0.003714372844696045
0.003604499592781067
0.0035448291397094725
0.0035167400455474855
0.0037275907707214357
0.0035063585567474366
0.003567871904373169
0.003541995496749878
0.0038445187854766845
0.003537662959098816
0.003626495490074158
0.0035248488759994506
0.00347563334941864
0.003461185245513916
0.0034828224849700927
0.0034615126657485964
0.00341082230091095
0.0035194959449768065
0.003491522698402405
0.0033377942943572997
0.003355314373970032
0.003462900733947754
0.003413254861831665
0.003340025463104248
0.0032055403566360473
0.0034864636850357057
0.0035128832149505613
0.003572932982444763
0.0034086791753768922
0.003169029288291931
